<?xml version="1.0" encoding="UTF-8"?>
<!-- Generated by org.testng.reporters.JUnitReportReporter -->
<testsuite hostname="LAPTOP-NCJGL29V" failures="0" tests="2" name="com.demo.NewTest" time="0.006" errors="0" timestamp="2022-09-30T18:08:21 IST" skipped="0">
  <testcase classname="com.demo.NewTest" name="Hello1" time="0.002"/>
  <system-out/>
  <testcase classname="com.demo.NewTest" name="Hello" time="0.004"/>
  <system-out/>
</testsuite> <!-- com.demo.NewTest -->
