<?xml version="1.0" encoding="UTF-8"?>
<!-- Generated by org.testng.reporters.JUnitReportReporter -->
<testsuite hostname="LAPTOP-NCJGL29V" failures="0" tests="1" name="com.demo.FacebookLogin" time="19.146" errors="0" timestamp="2022-09-30T18:11:05 IST" skipped="0">
  <testcase classname="com.demo.FacebookLogin" name="facebook" time="19.146"/>
  <system-out/>
</testsuite> <!-- com.demo.FacebookLogin -->
