<?xml version="1.0" encoding="UTF-8"?>
<!-- Generated by org.testng.reporters.JUnitReportReporter -->
<testsuite hostname="LAPTOP-NCJGL29V" failures="0" tests="1" name="com.demo.AssertionExample" time="9.106" errors="0" timestamp="2022-09-30T18:13:17 IST" skipped="0">
  <testcase classname="com.demo.AssertionExample" name="TitleTest" time="9.106"/>
  <system-out/>
</testsuite> <!-- com.demo.AssertionExample -->
